Performing C++ SOURCE FILE Test CMAKE_HAVE_LIBC_PTHREAD failed with the following output:
Change Dir: /mnt/shared/Users/framirez/Documents/Qt/multithreading/examples/build/CMakeFiles/CMakeTmp

Run Build Command(s):/usr/bin/make cmTC_24fbf/fast && /usr/bin/make -f CMakeFiles/cmTC_24fbf.dir/build.make CMakeFiles/cmTC_24fbf.dir/build
make[1]: Entering directory '/mnt/shared/Users/framirez/Documents/Qt/multithreading/examples/build/CMakeFiles/CMakeTmp'
Building CXX object CMakeFiles/cmTC_24fbf.dir/src.cxx.o
/usr/bin/c++    -DCMAKE_HAVE_LIBC_PTHREAD   -o CMakeFiles/cmTC_24fbf.dir/src.cxx.o -c /mnt/shared/Users/framirez/Documents/Qt/multithreading/examples/build/CMakeFiles/CMakeTmp/src.cxx
Linking CXX executable cmTC_24fbf
/usr/local/bin/cmake -E cmake_link_script CMakeFiles/cmTC_24fbf.dir/link.txt --verbose=1
/usr/bin/c++   -DCMAKE_HAVE_LIBC_PTHREAD    CMakeFiles/cmTC_24fbf.dir/src.cxx.o  -o cmTC_24fbf 
CMakeFiles/cmTC_24fbf.dir/src.cxx.o: In function `main':
src.cxx:(.text+0x3c): undefined reference to `pthread_create'
src.cxx:(.text+0x48): undefined reference to `pthread_detach'
src.cxx:(.text+0x59): undefined reference to `pthread_join'
src.cxx:(.text+0x6d): undefined reference to `pthread_atfork'
collect2: error: ld returned 1 exit status
CMakeFiles/cmTC_24fbf.dir/build.make:86: recipe for target 'cmTC_24fbf' failed
make[1]: *** [cmTC_24fbf] Error 1
make[1]: Leaving directory '/mnt/shared/Users/framirez/Documents/Qt/multithreading/examples/build/CMakeFiles/CMakeTmp'
Makefile:121: recipe for target 'cmTC_24fbf/fast' failed
make: *** [cmTC_24fbf/fast] Error 2


Source file was:
#include <pthread.h>

void* test_func(void* data)
{
  return data;
}

int main(void)
{
  pthread_t thread;
  pthread_create(&thread, NULL, test_func, NULL);
  pthread_detach(thread);
  pthread_join(thread, NULL);
  pthread_atfork(NULL, NULL, NULL);
  pthread_exit(NULL);

  return 0;
}

Determining if the function pthread_create exists in the pthreads failed with the following output:
Change Dir: /mnt/shared/Users/framirez/Documents/Qt/multithreading/examples/build/CMakeFiles/CMakeTmp

Run Build Command(s):/usr/bin/make cmTC_a4c7b/fast && /usr/bin/make -f CMakeFiles/cmTC_a4c7b.dir/build.make CMakeFiles/cmTC_a4c7b.dir/build
make[1]: Entering directory '/mnt/shared/Users/framirez/Documents/Qt/multithreading/examples/build/CMakeFiles/CMakeTmp'
Building CXX object CMakeFiles/cmTC_a4c7b.dir/CheckFunctionExists.cxx.o
/usr/bin/c++    -DCHECK_FUNCTION_EXISTS=pthread_create   -o CMakeFiles/cmTC_a4c7b.dir/CheckFunctionExists.cxx.o -c /mnt/shared/Users/framirez/Documents/Qt/multithreading/examples/build/CMakeFiles/CheckLibraryExists/CheckFunctionExists.cxx
Linking CXX executable cmTC_a4c7b
/usr/local/bin/cmake -E cmake_link_script CMakeFiles/cmTC_a4c7b.dir/link.txt --verbose=1
/usr/bin/c++   -DCHECK_FUNCTION_EXISTS=pthread_create    CMakeFiles/cmTC_a4c7b.dir/CheckFunctionExists.cxx.o  -o cmTC_a4c7b -lpthreads 
/usr/bin/ld: cannot find -lpthreads
collect2: error: ld returned 1 exit status
CMakeFiles/cmTC_a4c7b.dir/build.make:86: recipe for target 'cmTC_a4c7b' failed
make[1]: *** [cmTC_a4c7b] Error 1
make[1]: Leaving directory '/mnt/shared/Users/framirez/Documents/Qt/multithreading/examples/build/CMakeFiles/CMakeTmp'
Makefile:121: recipe for target 'cmTC_a4c7b/fast' failed
make: *** [cmTC_a4c7b/fast] Error 2



